This is pdfTeX, Version 3.14159265-2.6-1.40.18 (TeX Live 2017/Debian) (preloaded format=pdflatex 2020.10.1)  2 OCT 2020 02:13
entering extended mode
 restricted \write18 enabled.
 file:line:error style messages enabled.
 %&-line parsing enabled.
**"/home/nick/Desktop/471livingstone/HW3/report/hw3 report.tex"
(/home/nick/Desktop/471livingstone/HW3/report/hw3 report.tex
LaTeX2e <2017-04-15>
Babel <3.18> and hyphenation patterns for 3 language(s) loaded.
(/usr/share/texlive/texmf-dist/tex/latex/base/article.cls
Document Class: article 2014/09/29 v1.4h Standard LaTeX document class
(/usr/share/texlive/texmf-dist/tex/latex/base/size12.clo
File: size12.clo 2014/09/29 v1.4h Standard LaTeX file (size option)
)
\c@part=\count79
\c@section=\count80
\c@subsection=\count81
\c@subsubsection=\count82
\c@paragraph=\count83
\c@subparagraph=\count84
\c@figure=\count85
\c@table=\count86
\abovecaptionskip=\skip41
\belowcaptionskip=\skip42
\bibindent=\dimen102
) (/usr/share/texlive/texmf-dist/tex/latex/amsfonts/amssymb.sty
Package: amssymb 2013/01/14 v3.01 AMS font symbols
 (/usr/share/texlive/texmf-dist/tex/latex/amsfonts/amsfonts.sty
Package: amsfonts 2013/01/14 v3.01 Basic AMSFonts support
\@emptytoks=\toks14
\symAMSa=\mathgroup4
\symAMSb=\mathgroup5
LaTeX Font Info:    Overwriting math alphabet `\mathfrak' in version `bold'
(Font)                  U/euf/m/n --> U/euf/b/n on input line 106.
)) (/usr/share/texlive/texmf-dist/tex/latex/amsmath/amsmath.sty
Package: amsmath 2017/09/02 v2.17a AMS math features
\@mathmargin=\skip43

For additional information on amsmath, use the `?' option.
(/usr/share/texlive/texmf-dist/tex/latex/amsmath/amstext.sty
Package: amstext 2000/06/29 v2.01 AMS text
 (/usr/share/texlive/texmf-dist/tex/latex/amsmath/amsgen.sty
File: amsgen.sty 1999/11/30 v2.0 generic functions
\@emptytoks=\toks15
\ex@=\dimen103
)) (/usr/share/texlive/texmf-dist/tex/latex/amsmath/amsbsy.sty
Package: amsbsy 1999/11/29 v1.2d Bold Symbols
\pmbraise@=\dimen104
) (/usr/share/texlive/texmf-dist/tex/latex/amsmath/amsopn.sty
Package: amsopn 2016/03/08 v2.02 operator names
)
\inf@bad=\count87
LaTeX Info: Redefining \frac on input line 213.
\uproot@=\count88
\leftroot@=\count89
LaTeX Info: Redefining \overline on input line 375.
\classnum@=\count90
\DOTSCASE@=\count91
LaTeX Info: Redefining \ldots on input line 472.
LaTeX Info: Redefining \dots on input line 475.
LaTeX Info: Redefining \cdots on input line 596.
\Mathstrutbox@=\box26
\strutbox@=\box27
\big@size=\dimen105
LaTeX Font Info:    Redeclaring font encoding OML on input line 712.
LaTeX Font Info:    Redeclaring font encoding OMS on input line 713.
\macc@depth=\count92
\c@MaxMatrixCols=\count93
\dotsspace@=\muskip10
\c@parentequation=\count94
\dspbrk@lvl=\count95
\tag@help=\toks16
\row@=\count96
\column@=\count97
\maxfields@=\count98
\andhelp@=\toks17
\eqnshift@=\dimen106
\alignsep@=\dimen107
\tagshift@=\dimen108
\tagwidth@=\dimen109
\totwidth@=\dimen110
\lineht@=\dimen111
\@envbody=\toks18
\multlinegap=\skip44
\multlinetaggap=\skip45
\mathdisplay@stack=\toks19
LaTeX Info: Redefining \[ on input line 2817.
LaTeX Info: Redefining \] on input line 2818.
) (/usr/share/texlive/texmf-dist/tex/latex/amscls/amsthm.sty
Package: amsthm 2017/10/31 v2.20.4
\thm@style=\toks20
\thm@bodyfont=\toks21
\thm@headfont=\toks22
\thm@notefont=\toks23
\thm@headpunct=\toks24
\thm@preskip=\skip46
\thm@postskip=\skip47
\thm@headsep=\skip48
\dth@everypar=\toks25
) (/usr/share/texlive/texmf-dist/tex/latex/graphics/graphicx.sty
Package: graphicx 2017/06/01 v1.1a Enhanced LaTeX Graphics (DPC,SPQR)
 (/usr/share/texlive/texmf-dist/tex/latex/graphics/keyval.sty
Package: keyval 2014/10/28 v1.15 key=value parser (DPC)
\KV@toks@=\toks26
) (/usr/share/texlive/texmf-dist/tex/latex/graphics/graphics.sty
Package: graphics 2017/06/25 v1.2c Standard LaTeX Graphics (DPC,SPQR)
 (/usr/share/texlive/texmf-dist/tex/latex/graphics/trig.sty
Package: trig 2016/01/03 v1.10 sin cos tan (DPC)
) (/usr/share/texlive/texmf-dist/tex/latex/graphics-cfg/graphics.cfg
File: graphics.cfg 2016/06/04 v1.11 sample graphics configuration
)
Package graphics Info: Driver file: pdftex.def on input line 99.
 (/usr/share/texlive/texmf-dist/tex/latex/graphics-def/pdftex.def
File: pdftex.def 2018/01/08 v1.0l Graphics/color driver for pdftex
))
\Gin@req@height=\dimen112
\Gin@req@width=\dimen113
) (/home/nick/Desktop/471livingstone/HW3/report/hw3 report.aux)
\openout1 = `"hw3 report.aux"'.

LaTeX Font Info:    Checking defaults for OML/cmm/m/it on input line 8.
LaTeX Font Info:    ... okay on input line 8.
LaTeX Font Info:    Checking defaults for T1/cmr/m/n on input line 8.
LaTeX Font Info:    ... okay on input line 8.
LaTeX Font Info:    Checking defaults for OT1/cmr/m/n on input line 8.
LaTeX Font Info:    ... okay on input line 8.
LaTeX Font Info:    Checking defaults for OMS/cmsy/m/n on input line 8.
LaTeX Font Info:    ... okay on input line 8.
LaTeX Font Info:    Checking defaults for OMX/cmex/m/n on input line 8.
LaTeX Font Info:    ... okay on input line 8.
LaTeX Font Info:    Checking defaults for U/cmr/m/n on input line 8.
LaTeX Font Info:    ... okay on input line 8.
 (/usr/share/texlive/texmf-dist/tex/context/base/mkii/supp-pdf.mkii
[Loading MPS to PDF converter (version 2006.09.02).]
\scratchcounter=\count99
\scratchdimen=\dimen114
\scratchbox=\box28
\nofMPsegments=\count100
\nofMParguments=\count101
\everyMPshowfont=\toks27
\MPscratchCnt=\count102
\MPscratchDim=\dimen115
\MPnumerator=\count103
\makeMPintoPDFobject=\count104
\everyMPtoPDFconversion=\toks28
) (/usr/share/texlive/texmf-dist/tex/latex/oberdiek/epstopdf-base.sty
Package: epstopdf-base 2016/05/15 v2.6 Base part for package epstopdf
 (/usr/share/texlive/texmf-dist/tex/generic/oberdiek/infwarerr.sty
Package: infwarerr 2016/05/16 v1.4 Providing info/warning/error messages (HO)
) (/usr/share/texlive/texmf-dist/tex/latex/oberdiek/grfext.sty
Package: grfext 2016/05/16 v1.2 Manage graphics extensions (HO)
 (/usr/share/texlive/texmf-dist/tex/generic/oberdiek/kvdefinekeys.sty
Package: kvdefinekeys 2016/05/16 v1.4 Define keys (HO)
 (/usr/share/texlive/texmf-dist/tex/generic/oberdiek/ltxcmds.sty
Package: ltxcmds 2016/05/16 v1.23 LaTeX kernel commands for general use (HO)
))) (/usr/share/texlive/texmf-dist/tex/latex/oberdiek/kvoptions.sty
Package: kvoptions 2016/05/16 v3.12 Key value format for package options (HO)
 (/usr/share/texlive/texmf-dist/tex/generic/oberdiek/kvsetkeys.sty
Package: kvsetkeys 2016/05/16 v1.17 Key value parser (HO)
 (/usr/share/texlive/texmf-dist/tex/generic/oberdiek/etexcmds.sty
Package: etexcmds 2016/05/16 v1.6 Avoid name clashes with e-TeX commands (HO)
 (/usr/share/texlive/texmf-dist/tex/generic/oberdiek/ifluatex.sty
Package: ifluatex 2016/05/16 v1.4 Provides the ifluatex switch (HO)
Package ifluatex Info: LuaTeX not detected.
)
Package etexcmds Info: Could not find \expanded.
(etexcmds)             That can mean that you are not using pdfTeX 1.50 or
(etexcmds)             that some package has redefined \expanded.
(etexcmds)             In the latter case, load this package earlier.
))) (/usr/share/texlive/texmf-dist/tex/generic/oberdiek/pdftexcmds.sty
Package: pdftexcmds 2018/01/21 v0.26 Utility functions of pdfTeX for LuaTeX (HO)
 (/usr/share/texlive/texmf-dist/tex/generic/oberdiek/ifpdf.sty
Package: ifpdf 2017/03/15 v3.2 Provides the ifpdf switch
)
Package pdftexcmds Info: LuaTeX not detected.
Package pdftexcmds Info: \pdf@primitive is available.
Package pdftexcmds Info: \pdf@ifprimitive is available.
Package pdftexcmds Info: \pdfdraftmode found.
)
Package epstopdf-base Info: Redefining graphics rule for `.eps' on input line 438.
Package grfext Info: Graphics extension search list:
(grfext)             [.pdf,.png,.jpg,.mps,.jpeg,.jbig2,.jb2,.PDF,.PNG,.JPG,.JPEG,.JBIG2,.JB2,.eps]
(grfext)             \AppendGraphicsExtensions on input line 456.
 (/usr/share/texlive/texmf-dist/tex/latex/latexconfig/epstopdf-sys.cfg
File: epstopdf-sys.cfg 2010/07/13 v1.3 Configuration of (r)epstopdf for TeX Live
))
LaTeX Font Info:    Try loading font information for U+msa on input line 13.
 (/usr/share/texlive/texmf-dist/tex/latex/amsfonts/umsa.fd
File: umsa.fd 2013/01/14 v3.01 AMS symbols A
)
LaTeX Font Info:    Try loading font information for U+msb on input line 13.
 (/usr/share/texlive/texmf-dist/tex/latex/amsfonts/umsb.fd
File: umsb.fd 2013/01/14 v3.01 AMS symbols B
)
Underfull \hbox (badness 10000) in paragraph at lines 34--40

 []

[1

{/var/lib/texmf/fonts/map/pdftex/updmap/pdftex.map}]
Underfull \hbox (badness 10000) in paragraph at lines 48--66

 []

[2] [3]
<../figures/functions_plot.png, id=24, 462.528pt x 346.896pt>
File: ../figures/functions_plot.png Graphic file (type png)
<use ../figures/functions_plot.png>
Package pdftex.def Info: ../figures/functions_plot.png  used on input line 102.
(pdftex.def)             Requested size: 462.52686pt x 346.89514pt.

Overfull \hbox (72.52686pt too wide) in paragraph at lines 102--103
 [][] 
 []

<../figures/graph.png, id=26, 462.528pt x 346.896pt>
File: ../figures/graph.png Graphic file (type png)
<use ../figures/graph.png>
Package pdftex.def Info: ../figures/graph.png  used on input line 109.
(pdftex.def)             Requested size: 462.52686pt x 346.89514pt.

Overfull \hbox (72.52686pt too wide) in paragraph at lines 109--110
 [][] 
 []

[4] [5 <../figures/functions_plot.png>] [6 <../figures/graph.png>] [7]
Overfull \hbox (73.12523pt too wide) in paragraph at lines 217--217
[]  \OT1/cmtt/m/n/12 double precision :: abs_err = 1D0, sum = 0, xi, approx, prev_approx = 1d0[] 
 []


Overfull \hbox (54.60022pt too wide) in paragraph at lines 217--217
[]  \OT1/cmtt/m/n/12 double precision, parameter :: X_L = -1d0, X_R = 1d0, max_err = 10D-16[] 
 []


Overfull \hbox (153.40027pt too wide) in paragraph at lines 217--217
[]  \OT1/cmtt/m/n/12 double precision, parameter, dimension(2) :: k = (/PI, PI**2/) ! array of k parameters[] 
 []


Overfull \hbox (79.30023pt too wide) in paragraph at lines 217--217
[]      \OT1/cmtt/m/n/12 file_name = '../../data/trap_data' // trim(adjustl(file_id)) // '.txt'[] 
 []


Overfull \hbox (134.87526pt too wide) in paragraph at lines 217--217
[]          \OT1/cmtt/m/n/12 ! Calculate integral approximation using Composite Trapezoidal Rule formula[] 
 []


Overfull \hbox (66.95023pt too wide) in paragraph at lines 217--217
[]          \OT1/cmtt/m/n/12 approx = h * ((f_x(X_L, k(j)) + f_x(X_L + n * h, k(j)))/2 + sum)[] 
 []

[8]
Overfull \hbox (91.65024pt too wide) in paragraph at lines 217--217
[]          \OT1/cmtt/m/n/12 write(j, "(i6, a, ES12.6, a, ES17.11)") n, ",", abs_err, ",", approx[] 
 []


Overfull \hbox (17.5502pt too wide) in paragraph at lines 291--291
[]  \OT1/cmtt/m/n/12 double precision, parameter :: PI = acos(-1d0) ! Constant for PI[] 
 []


Overfull \hbox (141.05026pt too wide) in paragraph at lines 291--291
[]  \OT1/cmtt/m/n/12 double precision, parameter, dimension(2) :: k = (/PI, PI**2/) ! Both instances of k[] 
 []


Overfull \hbox (11.3752pt too wide) in paragraph at lines 291--291
[]  \OT1/cmtt/m/n/12 double precision :: integral_approx, prev_approx = 0d0, abs_err[] 
 []

[9]
Overfull \hbox (66.95023pt too wide) in paragraph at lines 291--291
[]      \OT1/cmtt/m/n/12 file_name = '../../data/gq_data' // trim(adjustl(file_id)) // '.txt'[] 
 []


Overfull \hbox (128.70026pt too wide) in paragraph at lines 291--291
[]          \OT1/cmtt/m/n/12 ! Calculate Error as difference between previous and current approximation[] 
 []


Overfull \hbox (141.05026pt too wide) in paragraph at lines 291--291
[]          \OT1/cmtt/m/n/12 write(j, "(i4, a, ES18.8, a, ES18.8)") n, ",", abs_err, ",", integral_approx[] 
 []

[10]
Overfull \hbox (91.65024pt too wide) in paragraph at lines 359--359
[]  \OT1/cmtt/m/n/12 ! Computes the Legendre-Gauss-Lobatto nodes, weights and the LGL Vandermonde[] 
 []


Overfull \hbox (104.00024pt too wide) in paragraph at lines 359--359
[]  \OT1/cmtt/m/n/12 ! matrix. The LGL nodes are the zeros of (1-x^2)*P'_N(x). Useful for numerical[] 
 []


Overfull \hbox (85.47523pt too wide) in paragraph at lines 359--359
[]  \OT1/cmtt/m/n/12 !   C. Canuto, M. Y. Hussaini, A. Quarteroni, T. A. Tang, "Spectral Methods[] 
 []

[11]
Overfull \hbox (5.2002pt too wide) in paragraph at lines 359--359
[]  \OT1/cmtt/m/n/12 ! Translated and modified not to output the Vandermonde matrix[] 
 []


Overfull \hbox (36.07521pt too wide) in paragraph at lines 359--359
[]        \OT1/cmtt/m/n/12 P(:,k+1)=( dble(2*k-1)*x*P(:,k)-dble(k-1)*P(:,k-1) )/dble(k);[] 
 []

[12] [13] (/home/nick/Desktop/471livingstone/HW3/report/hw3 report.aux) ) 
Here is how much of TeX's memory you used:
 2435 strings out of 494923
 32404 string characters out of 6180742
 87781 words of memory out of 5000000
 5714 multiletter control sequences out of 15000+600000
 13527 words of font info for 52 fonts, out of 8000000 for 9000
 14 hyphenation exceptions out of 8191
 41i,6n,26p,324b,250s stack positions out of 5000i,500n,10000p,200000b,80000s
</usr/share/texlive/texmf-dist/fonts/type1/public/amsfonts/cm/cmbx10.pfb></usr/share/texlive/texmf-dist/fonts/type1/public/amsfonts/cm/cmbx12.pfb></usr/share/texlive/texmf-dist/fonts/type1/public/amsfonts/cm/cmex10.pfb></usr/share/texlive/texmf-dist/fonts/type1/public/amsfonts/cm/cmmi12.pfb></usr/share/texlive/texmf-dist/fonts/type1/public/amsfonts/cm/cmmi8.pfb></usr/share/texlive/texmf-dist/fonts/type1/public/amsfonts/cm/cmr10.pfb></usr/share/texlive/texmf-dist/fonts/type1/public/amsfonts/cm/cmr12.pfb></usr/share/texlive/texmf-dist/fonts/type1/public/amsfonts/cm/cmr17.pfb></usr/share/texlive/texmf-dist/fonts/type1/public/amsfonts/cm/cmr8.pfb></usr/share/texlive/texmf-dist/fonts/type1/public/amsfonts/cm/cmsy10.pfb></usr/share/texlive/texmf-dist/fonts/type1/public/amsfonts/cm/cmsy8.pfb></usr/share/texlive/texmf-dist/fonts/type1/public/amsfonts/cm/cmti12.pfb></usr/share/texlive/texmf-dist/fonts/type1/public/amsfonts/cm/cmtt12.pfb>
Output written on "/home/nick/Desktop/471livingstone/HW3/report/hw3 report.pdf" (13 pages, 256222 bytes).
PDF statistics:
 104 PDF objects out of 1000 (max. 8388607)
 71 compressed objects within 1 object stream
 0 named destinations out of 1000 (max. 500000)
 11 words of extra memory for PDF output out of 10000 (max. 10000000)

